0 info it worked if it ends with ok
1 verbose cli [ 'D:\\Program Files (x86)\\nodejs\\\\node.exe',
1 verbose cli   'D:\\Program Files (x86)\\nodejs\\node_modules\\npm\\bin\\npm-cli.js',
1 verbose cli   'install',
1 verbose cli   'html',
1 verbose cli   '--save-dev' ]
2 info using npm@2.11.2
3 info using node@v0.12.6
4 verbose install initial load of D:\WessonProject\365trtd\package.json
5 warn package.json 365trtd@1.0.0 No README data
6 verbose installManyTop reading scoped package data from D:\WessonProject\365trtd\node_modules\async\package.json
7 verbose installManyTop reading scoped package data from D:\WessonProject\365trtd\node_modules\better-console\package.json
8 verbose installManyTop reading scoped package data from D:\WessonProject\365trtd\node_modules\body-parser\package.json
9 verbose installManyTop reading scoped package data from D:\WessonProject\365trtd\node_modules\connect-redis\package.json
10 verbose installManyTop reading scoped package data from D:\WessonProject\365trtd\node_modules\cookie-parser\package.json
11 verbose installManyTop reading scoped package data from D:\WessonProject\365trtd\node_modules\debug\package.json
12 verbose installManyTop reading scoped package data from D:\WessonProject\365trtd\node_modules\del\package.json
13 verbose installManyTop reading scoped package data from D:\WessonProject\365trtd\node_modules\ejs\package.json
14 verbose installManyTop reading scoped package data from D:\WessonProject\365trtd\node_modules\express\package.json
15 verbose installManyTop reading scoped package data from D:\WessonProject\365trtd\node_modules\express-session\package.json
16 verbose installManyTop reading scoped package data from D:\WessonProject\365trtd\node_modules\extend\package.json
17 verbose installManyTop reading scoped package data from D:\WessonProject\365trtd\node_modules\gulp\package.json
18 verbose installManyTop reading scoped package data from D:\WessonProject\365trtd\node_modules\gulp-clean\package.json
19 verbose installManyTop reading scoped package data from D:\WessonProject\365trtd\node_modules\gulp-concat\package.json
20 verbose installManyTop reading scoped package data from D:\WessonProject\365trtd\node_modules\gulp-html-replace\package.json
21 verbose installManyTop reading scoped package data from D:\WessonProject\365trtd\node_modules\gulp-imagemin\package.json
22 verbose installManyTop reading scoped package data from D:\WessonProject\365trtd\node_modules\gulp-jshint\package.json
23 verbose installManyTop reading scoped package data from D:\WessonProject\365trtd\node_modules\gulp-minify-css\package.json
24 verbose installManyTop reading scoped package data from D:\WessonProject\365trtd\node_modules\gulp-minify-html\package.json
25 verbose installManyTop reading scoped package data from D:\WessonProject\365trtd\node_modules\gulp-rename\package.json
26 verbose installManyTop reading scoped package data from D:\WessonProject\365trtd\node_modules\gulp-rev\package.json
27 verbose installManyTop reading scoped package data from D:\WessonProject\365trtd\node_modules\gulp-rev-collector\package.json
28 verbose installManyTop reading scoped package data from D:\WessonProject\365trtd\node_modules\gulp-uglify\package.json
29 verbose installManyTop reading scoped package data from D:\WessonProject\365trtd\node_modules\imagemagick\package.json
30 verbose installManyTop reading scoped package data from D:\WessonProject\365trtd\node_modules\map-stream\package.json
31 verbose installManyTop reading scoped package data from D:\WessonProject\365trtd\node_modules\mongoose\package.json
32 verbose installManyTop reading scoped package data from D:\WessonProject\365trtd\node_modules\morgan\package.json
33 verbose installManyTop reading scoped package data from D:\WessonProject\365trtd\node_modules\multer\package.json
34 verbose installManyTop reading scoped package data from D:\WessonProject\365trtd\node_modules\nodemailer\package.json
35 verbose installManyTop reading scoped package data from D:\WessonProject\365trtd\node_modules\prerender-node\package.json
36 verbose installManyTop reading scoped package data from D:\WessonProject\365trtd\node_modules\redis\package.json
37 verbose installManyTop reading scoped package data from D:\WessonProject\365trtd\node_modules\redis-server\package.json
38 verbose installManyTop reading scoped package data from D:\WessonProject\365trtd\node_modules\require-dot-file\package.json
39 verbose installManyTop reading scoped package data from D:\WessonProject\365trtd\node_modules\requirejs\package.json
40 verbose installManyTop reading scoped package data from D:\WessonProject\365trtd\node_modules\serve-favicon\package.json
41 info package.json debug@2.0.0 No license field.
42 info package.json imagemagick@0.1.3 No license field.
43 info package.json better-console@0.2.4 license should be a valid SPDX license expression
44 info package.json ejs@0.8.8 No license field.
45 info package.json gulp-minify-css@0.3.13 No license field.
46 info package.json gulp-minify-html@1.0.6 No repository field.
47 info package.json gulp-rename@1.2.2 No license field.
48 info package.json redis-server@0.0.1 No license field.
49 verbose readDependencies loading dependencies from D:\WessonProject\365trtd\package.json
50 silly cache add args [ 'html', null ]
51 verbose cache add spec html
52 silly cache add parsed spec { raw: 'html',
52 silly cache add   scope: null,
52 silly cache add   name: 'html',
52 silly cache add   rawSpec: '',
52 silly cache add   spec: '*',
52 silly cache add   type: 'range' }
53 silly addNamed html@*
54 verbose addNamed "*" is a valid semver range for html
55 silly addNameRange { name: 'html', range: '*', hasData: false }
56 silly mapToRegistry name html
57 silly mapToRegistry using default registry
58 silly mapToRegistry registry http://registry.npmjs.org/
59 silly mapToRegistry uri http://registry.npmjs.org/html
60 verbose addNameRange registry:http://registry.npmjs.org/html not in flight; fetching
61 verbose request uri http://registry.npmjs.org/html
62 verbose request no auth needed
63 info attempt registry request try #1 at 18:59:06
64 verbose request id 7b703a4d7f093e67
65 http request GET http://registry.npmjs.org/html
66 http 200 http://registry.npmjs.org/html
67 silly get cb [ 200,
67 silly get   { server: 'CouchDB/1.5.0 (Erlang OTP/R16B03)',
67 silly get     etag: '"5TW2DOLWIDOM6I3ELLNAXAEZY"',
67 silly get     'content-type': 'application/json',
67 silly get     'cache-control': 'max-age=300',
67 silly get     'content-length': '12735',
67 silly get     'accept-ranges': 'bytes',
67 silly get     date: 'Fri, 22 Apr 2016 10:59:08 GMT',
67 silly get     via: '1.1 varnish',
67 silly get     age: '0',
67 silly get     connection: 'keep-alive',
67 silly get     'x-served-by': 'cache-lhr6328-LHR',
67 silly get     'x-cache': 'MISS',
67 silly get     'x-cache-hits': '0',
67 silly get     'x-timer': 'S1461322748.163732,VS0,VE92',
67 silly get     vary: 'Accept-Encoding' } ]
68 verbose get saving html to C:\Users\changhuiqiang\AppData\Roaming\npm-cache\registry.npmjs.org\html\.cache.json
69 silly addNameRange number 2 { name: 'html', range: '*', hasData: true }
70 silly addNameRange versions [ 'html',
70 silly addNameRange   [ '0.0.1',
70 silly addNameRange     '0.0.2',
70 silly addNameRange     '0.0.3',
70 silly addNameRange     '0.0.4',
70 silly addNameRange     '0.0.5',
70 silly addNameRange     '0.0.6',
70 silly addNameRange     '0.0.7',
70 silly addNameRange     '0.0.9',
70 silly addNameRange     '0.0.10' ] ]
71 silly addNamed html@0.0.10
72 verbose addNamed "0.0.10" is a plain semver version for html
73 silly mapToRegistry name html
74 silly mapToRegistry using default registry
75 silly mapToRegistry registry http://registry.npmjs.org/
76 silly mapToRegistry uri http://registry.npmjs.org/html
77 verbose addRemoteTarball http://registry.npmjs.org/html/-/html-0.0.10.tgz not in flight; adding
78 verbose addRemoteTarball [ 'http://registry.npmjs.org/html/-/html-0.0.10.tgz',
78 verbose addRemoteTarball   '6fdc3ef8668c09a3a198ee3a5aa9e9f2878b95de' ]
79 info retry fetch attempt 1 at 18:59:07
80 info attempt registry request try #1 at 18:59:07
81 http fetch GET http://registry.npmjs.org/html/-/html-0.0.10.tgz
82 http fetch 200 http://registry.npmjs.org/html/-/html-0.0.10.tgz
83 info retry will retry, error on last attempt: Error: read ECONNRESET
84 info retry will retry, error on last attempt: Error: read ECONNRESET
85 silly fetchAndShaCheck shasum 6fdc3ef8668c09a3a198ee3a5aa9e9f2878b95de
86 verbose stack Error: shasum check failed for C:\Users\CHANGH~1\AppData\Local\Temp\npm-468-722fd71b\registry.npmjs.org\html\-\html-0.0.10.tgz
86 verbose stack Expected: 6fdc3ef8668c09a3a198ee3a5aa9e9f2878b95de
86 verbose stack Actual:   f17ae9fd0b6bc48b6311fb86a4bc73a3a263a6e6
86 verbose stack From:     http://registry.npmjs.org/html/-/html-0.0.10.tgz
86 verbose stack     at D:\Program Files (x86)\nodejs\node_modules\npm\node_modules\sha\index.js:38:8
86 verbose stack     at ReadStream.<anonymous> (D:\Program Files (x86)\nodejs\node_modules\npm\node_modules\sha\index.js:85:7)
86 verbose stack     at ReadStream.emit (events.js:129:20)
86 verbose stack     at _stream_readable.js:908:16
86 verbose stack     at process._tickCallback (node.js:355:11)
87 verbose cwd D:\WessonProject\365trtd
88 error Windows_NT 6.1.7601
89 error argv "D:\\Program Files (x86)\\nodejs\\\\node.exe" "D:\\Program Files (x86)\\nodejs\\node_modules\\npm\\bin\\npm-cli.js" "install" "html" "--save-dev"
90 error node v0.12.6
91 error npm  v2.11.2
92 error shasum check failed for C:\Users\CHANGH~1\AppData\Local\Temp\npm-468-722fd71b\registry.npmjs.org\html\-\html-0.0.10.tgz
92 error Expected: 6fdc3ef8668c09a3a198ee3a5aa9e9f2878b95de
92 error Actual:   f17ae9fd0b6bc48b6311fb86a4bc73a3a263a6e6
92 error From:     http://registry.npmjs.org/html/-/html-0.0.10.tgz
93 error If you need help, you may report this error at:
93 error     <https://github.com/npm/npm/issues>
94 verbose exit [ 1, true ]
